-------------------------------------------------------------------------------
Test set: Runner_File.Test_Login_Runner
-------------------------------------------------------------------------------
Tests run: 2, Failures: 0, Errors: 2, Skipped: 0, Time elapsed: 0.445 sec <<< FAILURE!
Login to webdriveruniversity(Login to Bank of America)  Time elapsed: 0.097 sec  <<< ERROR!
io.cucumber.junit.UndefinedStepException: The step 'user landed webdriveruniversity home page' and 1 other step(s) are undefined.
You can implement these steps using the snippet(s) below:

@Given("user landed webdriveruniversity home page")
public void user_landed_webdriveruniversity_home_page() {
    // Write code here that turns the phrase above into concrete actions
    throw new io.cucumber.java.PendingException();
}
@When("user clicked contactus page")
public void user_clicked_contactus_page() {
    // Write code here that turns the phrase above into concrete actions
    throw new io.cucumber.java.PendingException();
}


Login to webdriveruniversity2(Login to Bank of America)  Time elapsed: 0.002 sec  <<< ERROR!
io.cucumber.junit.UndefinedStepException: The step 'user landed webdriveruniversity home page' and 1 other step(s) are undefined.
You can implement these steps using the snippet(s) below:

@Given("user landed webdriveruniversity home page")
public void user_landed_webdriveruniversity_home_page() {
    // Write code here that turns the phrase above into concrete actions
    throw new io.cucumber.java.PendingException();
}
@When("user clicked contactus page")
public void user_clicked_contactus_page() {
    // Write code here that turns the phrase above into concrete actions
    throw new io.cucumber.java.PendingException();
}


