<?xml version="1.0" encoding="UTF-8" ?>
<testsuite tests="2" failures="0" name="Runner_File.Test_Login_Runner" time="0.099" errors="2" skipped="0">
  <properties>
[...]
</properties>
  <testcase classname="Login to Bank of America" name="Login to webdriveruniversity" time="0.097">
    <error message="The step &apos;user landed webdriveruniversity home page&apos; and 1 other step(s) are undefined.
You can implement these steps using the snippet(s) below:

@Given(&quot;user landed webdriveruniversity home page&quot;)
public void user_landed_webdriveruniversity_home_page() {
    // Write code here that turns the phrase above into concrete actions
    throw new io.cucumber.java.PendingException();
}
@When(&quot;user clicked contactus page&quot;)
public void user_clicked_contactus_page() {
    // Write code here that turns the phrase above into concrete actions
    throw new io.cucumber.java.PendingException();
}
" type="io.cucumber.junit.UndefinedStepException">io.cucumber.junit.UndefinedStepException: The step &apos;user landed webdriveruniversity home page&apos; and 1 other step(s) are undefined.
You can implement these steps using the snippet(s) below:

@Given(&quot;user landed webdriveruniversity home page&quot;)
public void user_landed_webdriveruniversity_home_page() {
    // Write code here that turns the phrase above into concrete actions
    throw new io.cucumber.java.PendingException();
}
@When(&quot;user clicked contactus page&quot;)
public void user_clicked_contactus_page() {
    // Write code here that turns the phrase above into concrete actions
    throw new io.cucumber.java.PendingException();
}

</error>
  </testcase>
  <testcase classname="Login to Bank of America" name="Login to webdriveruniversity2" time="0.002">
    <error message="The step &apos;user landed webdriveruniversity home page&apos; and 1 other step(s) are undefined.
You can implement these steps using the snippet(s) below:

@Given(&quot;user landed webdriveruniversity home page&quot;)
public void user_landed_webdriveruniversity_home_page() {
    // Write code here that turns the phrase above into concrete actions
    throw new io.cucumber.java.PendingException();
}
@When(&quot;user clicked contactus page&quot;)
public void user_clicked_contactus_page() {
    // Write code here that turns the phrase above into concrete actions
    throw new io.cucumber.java.PendingException();
}
" type="io.cucumber.junit.UndefinedStepException">io.cucumber.junit.UndefinedStepException: The step &apos;user landed webdriveruniversity home page&apos; and 1 other step(s) are undefined.
You can implement these steps using the snippet(s) below:

@Given(&quot;user landed webdriveruniversity home page&quot;)
public void user_landed_webdriveruniversity_home_page() {
    // Write code here that turns the phrase above into concrete actions
    throw new io.cucumber.java.PendingException();
}
@When(&quot;user clicked contactus page&quot;)
public void user_clicked_contactus_page() {
    // Write code here that turns the phrase above into concrete actions
    throw new io.cucumber.java.PendingException();
}

</error>
  </testcase>
</testsuite>